[2025-06-20T13:47:28.159152+00:00] main_app_logger.INFO: Started search {"query":"photo","CLEINT IP":"::1"} []
[2025-06-20T13:47:28.161377+00:00] main_app_logger.INFO: Search completed {"query":"photo","files_found":0,"folders_found":1} []
[2025-06-20T13:53:20.638809+00:00] main_app_logger.INFO: Search attempted without query paramter {"CLIENT UP":"::1"} []
[2025-06-20T13:53:46.252991+00:00] main_app_logger.INFO: Search attempted without query paramter {"CLIENT UP":"::1"} []
[2025-06-20T13:53:47.291605+00:00] main_app_logger.INFO: Search attempted without query paramter {"CLIENT UP":"::1"} []
[2025-06-20T13:54:11.480789+00:00] main_app_logger.INFO: Search attempted without query paramter {"CLIENT UP":"::1"} []
[2025-06-20T13:55:58.631971+00:00] main_app_logger.INFO: Search attempted without query paramter {"CLIENT UP":"::1"} []
[2025-06-20T13:55:59.438283+00:00] main_app_logger.INFO: Search attempted without query paramter {"CLIENT UP":"::1"} []
[2025-06-20T13:56:22.431650+00:00] main_app_logger.INFO: Search attempted without query paramter {"CLIENT UP":"::1"} []
[2025-06-20T13:58:14.911800+00:00] main_app_logger.INFO: Search attempted without query paramter {"CLIENT UP":"::1"} []
[2025-06-20T14:02:24.531931+00:00] main_app_logger.INFO: Started search {"query":"s","CLEINT IP":"::1"} []
[2025-06-20T14:02:24.560862+00:00] main_app_logger.INFO: Search completed {"query":"s","files_found":1,"folders_found":2} []
[2025-06-20T14:02:28.691698+00:00] main_app_logger.INFO: Search attempted without query paramter {"CLIENT UP":"::1"} []
[2025-06-20T14:42:07.036790+00:00] main_app_logger.INFO: Search attempted without query paramter {"CLIENT UP":"::1"} []
[2025-06-20T14:42:07.038362+00:00] main_app_logger.ERROR: EXCEPTION >>> No query param [] []
[2025-06-20T14:49:59.933055+00:00] main_app_logger.INFO: Search attempted without query paramter {"CLIENT UP":"::1"} []
[2025-06-20T14:49:59.933352+00:00] main_app_logger.ERROR: EXCEPTION >>> No query param [] []
[2025-06-20T14:50:21.176157+00:00] main_app_logger.INFO: Search attempted without query paramter {"CLIENT UP":"::1"} []
[2025-06-20T14:50:21.176245+00:00] main_app_logger.ERROR: EXCEPTION >>> No query param [] []
[2025-06-20T14:50:22.816718+00:00] main_app_logger.INFO: Started search {"query":"s","CLEINT IP":"::1"} []
[2025-06-20T14:50:22.846163+00:00] main_app_logger.INFO: Search completed {"query":"s","files_found":1,"folders_found":2} []
[2025-06-21T04:12:31.056554+00:00] main_app_logger.INFO: Started search {"query":"s?ext=txt","CLEINT IP":"::1"} []
[2025-06-21T04:12:31.058879+00:00] main_app_logger.INFO: Search completed {"query":"s?ext=txt","files_found":0,"folders_found":0} []
[2025-06-21T04:13:01.061046+00:00] main_app_logger.INFO: Started search {"query":"s","CLEINT IP":"::1"} []
[2025-06-21T04:13:01.090997+00:00] main_app_logger.INFO: Search completed {"query":"s","files_found":1,"folders_found":2} []
[2025-06-21T04:13:12.663452+00:00] main_app_logger.INFO: Started search {"query":"s","CLEINT IP":"::1"} []
[2025-06-21T04:13:12.664375+00:00] main_app_logger.INFO: Search completed {"query":"s","files_found":0,"folders_found":2} []
[2025-06-21T04:13:34.719519+00:00] main_app_logger.INFO: Started search {"query":"s","CLEINT IP":"::1"} []
[2025-06-21T04:13:34.720644+00:00] main_app_logger.INFO: Search completed {"query":"s","files_found":0,"folders_found":2} []
[2025-06-21T04:14:05.602172+00:00] main_app_logger.INFO: Started search {"query":"s","CLEINT IP":"::1"} []
[2025-06-21T04:14:05.603314+00:00] main_app_logger.INFO: Search completed {"query":"s","files_found":0,"folders_found":2} []
[2025-06-21T04:15:10.112625+00:00] main_app_logger.INFO: Started search {"query":"s","CLEINT IP":"::1"} []
[2025-06-21T04:15:10.113848+00:00] main_app_logger.INFO: Search completed {"query":"s","files_found":0,"folders_found":2} []
[2025-06-21T04:15:36.198676+00:00] main_app_logger.INFO: Started search {"query":"s","CLEINT IP":"::1"} []
[2025-06-21T04:15:36.199827+00:00] main_app_logger.INFO: Search completed {"query":"s","files_found":0,"folders_found":2} []
[2025-06-21T04:15:39.806593+00:00] main_app_logger.INFO: Started search {"query":"s","CLEINT IP":"::1"} []
[2025-06-21T04:15:39.807654+00:00] main_app_logger.INFO: Search completed {"query":"s","files_found":0,"folders_found":2} []
[2025-06-21T04:15:44.212180+00:00] main_app_logger.INFO: Started search {"query":"s","CLEINT IP":"::1"} []
[2025-06-21T04:15:44.213306+00:00] main_app_logger.INFO: Search completed {"query":"s","files_found":0,"folders_found":2} []
[2025-06-21T04:15:49.599159+00:00] main_app_logger.INFO: Started search {"query":"s","CLEINT IP":"::1"} []
[2025-06-21T04:15:49.600166+00:00] main_app_logger.INFO: Search completed {"query":"s","files_found":0,"folders_found":2} []
[2025-06-21T04:15:57.305414+00:00] main_app_logger.INFO: Started search {"query":"a","CLEINT IP":"::1"} []
[2025-06-21T04:15:57.306252+00:00] main_app_logger.INFO: Search completed {"query":"a","files_found":0,"folders_found":1} []
[2025-06-21T04:16:03.584137+00:00] main_app_logger.INFO: Started search {"query":"a","CLEINT IP":"::1"} []
[2025-06-21T04:16:03.584974+00:00] main_app_logger.INFO: Search completed {"query":"a","files_found":0,"folders_found":1} []
[2025-06-21T04:16:09.302218+00:00] main_app_logger.INFO: Started search {"query":"new","CLEINT IP":"::1"} []
[2025-06-21T04:16:09.302680+00:00] main_app_logger.INFO: Search completed {"query":"new","files_found":0,"folders_found":0} []
[2025-06-21T04:16:40.972368+00:00] main_app_logger.INFO: Started search {"query":"new","CLEINT IP":"::1"} []
[2025-06-21T04:16:40.973271+00:00] main_app_logger.INFO: Search completed {"query":"new","files_found":1,"folders_found":0} []
[2025-06-21T04:17:30.047277+00:00] main_app_logger.INFO: Started search {"query":"new","CLEINT IP":"::1"} []
[2025-06-21T04:17:30.048279+00:00] main_app_logger.INFO: Search completed {"query":"new","files_found":1,"folders_found":0} []
[2025-06-21T04:17:42.825668+00:00] main_app_logger.INFO: Started search {"query":"new","CLEINT IP":"::1"} []
[2025-06-21T04:17:42.826116+00:00] main_app_logger.INFO: Search completed {"query":"new","files_found":0,"folders_found":0} []
[2025-06-21T04:17:44.051744+00:00] main_app_logger.INFO: Started search {"query":"new","CLEINT IP":"::1"} []
[2025-06-21T04:17:44.052659+00:00] main_app_logger.INFO: Search completed {"query":"new","files_found":1,"folders_found":0} []
[2025-06-21T04:28:02.148296+00:00] main_app_logger.INFO: Started search {"query":"new","CLEINT IP":"::1"} []
[2025-06-21T04:28:02.148919+00:00] main_app_logger.INFO: Search completed {"query":"new","files_found":0,"folders_found":0} []
[2025-06-21T04:28:31.268092+00:00] main_app_logger.INFO: Started search {"query":"new","CLEINT IP":"::1"} []
[2025-06-21T04:28:31.268560+00:00] main_app_logger.INFO: Search completed {"query":"new","files_found":0,"folders_found":0} []
[2025-06-21T04:28:40.197569+00:00] main_app_logger.INFO: Started search {"query":"new","CLEINT IP":"::1"} []
[2025-06-21T04:28:40.198075+00:00] main_app_logger.INFO: Search completed {"query":"new","files_found":0,"folders_found":0} []
[2025-06-21T04:28:41.586057+00:00] main_app_logger.INFO: Started search {"query":"new","CLEINT IP":"::1"} []
[2025-06-21T04:28:41.586485+00:00] main_app_logger.INFO: Search completed {"query":"new","files_found":0,"folders_found":0} []
[2025-06-21T04:29:07.979019+00:00] main_app_logger.INFO: Started search {"query":"new","CLEINT IP":"::1"} []
[2025-06-21T04:29:07.979584+00:00] main_app_logger.INFO: Search completed {"query":"new","files_found":0,"folders_found":0} []
[2025-06-21T04:29:22.390272+00:00] main_app_logger.INFO: Started search {"query":"new","CLEINT IP":"::1"} []
[2025-06-21T04:29:22.390745+00:00] main_app_logger.INFO: Search completed {"query":"new","files_found":0,"folders_found":0} []
[2025-06-21T04:30:26.157305+00:00] main_app_logger.INFO: Started search {"query":"new","CLEINT IP":"::1"} []
[2025-06-21T04:30:26.158249+00:00] main_app_logger.INFO: Search completed {"query":"new","files_found":1,"folders_found":0} []
[2025-06-21T04:31:04.319349+00:00] main_app_logger.INFO: Started search {"query":"new","CLEINT IP":"::1"} []
[2025-06-21T04:31:04.319937+00:00] main_app_logger.INFO: Search completed {"query":"new","files_found":0,"folders_found":0} []
[2025-06-21T04:31:09.395129+00:00] main_app_logger.INFO: Started search {"query":"new","CLEINT IP":"::1"} []
[2025-06-21T04:31:09.396005+00:00] main_app_logger.INFO: Search completed {"query":"new","files_found":1,"folders_found":0} []
[2025-06-21T04:32:23.551482+00:00] main_app_logger.INFO: Started search {"query":"new","CLEINT IP":"::1"} []
[2025-06-21T04:32:23.552841+00:00] main_app_logger.INFO: Search completed {"query":"new","files_found":1,"folders_found":0} []
[2025-06-21T04:32:30.708734+00:00] main_app_logger.INFO: Started search {"query":"new","CLEINT IP":"::1"} []
[2025-06-21T04:32:30.709658+00:00] main_app_logger.INFO: Search completed {"query":"new","files_found":1,"folders_found":0} []
[2025-06-21T04:32:57.986261+00:00] main_app_logger.INFO: Started search {"query":"new","CLEINT IP":"::1"} []
[2025-06-21T04:32:57.987079+00:00] main_app_logger.INFO: Search completed {"query":"new","files_found":0,"folders_found":0} []
[2025-06-21T04:33:00.916210+00:00] main_app_logger.INFO: Started search {"query":"new","CLEINT IP":"::1"} []
[2025-06-21T04:33:00.916637+00:00] main_app_logger.INFO: Search completed {"query":"new","files_found":0,"folders_found":0} []
[2025-06-21T04:33:10.889512+00:00] main_app_logger.INFO: Started search {"query":"new","CLEINT IP":"::1"} []
[2025-06-21T04:33:10.890009+00:00] main_app_logger.INFO: Search completed {"query":"new","files_found":0,"folders_found":0} []
[2025-06-21T04:33:12.084566+00:00] main_app_logger.INFO: Started search {"query":"new","CLEINT IP":"::1"} []
[2025-06-21T04:33:12.085041+00:00] main_app_logger.INFO: Search completed {"query":"new","files_found":0,"folders_found":0} []
[2025-06-21T04:34:15.735035+00:00] main_app_logger.INFO: Started search {"query":"new","CLEINT IP":"::1"} []
[2025-06-21T04:34:15.735473+00:00] main_app_logger.INFO: Search completed {"query":"new","files_found":0,"folders_found":0} []
[2025-06-21T04:34:23.619050+00:00] main_app_logger.INFO: Started search {"query":"new","CLEINT IP":"::1"} []
[2025-06-21T04:34:23.619563+00:00] main_app_logger.INFO: Search completed {"query":"new","files_found":0,"folders_found":0} []
[2025-06-21T04:34:40.729505+00:00] main_app_logger.INFO: Started search {"query":"new","CLEINT IP":"::1"} []
[2025-06-21T04:34:40.730020+00:00] main_app_logger.INFO: Search completed {"query":"new","files_found":0,"folders_found":0} []
[2025-06-21T04:34:44.938571+00:00] main_app_logger.INFO: Started search {"query":"new","CLEINT IP":"::1"} []
[2025-06-21T04:34:44.939666+00:00] main_app_logger.INFO: Search completed {"query":"new","files_found":1,"folders_found":0} []
[2025-06-21T04:34:50.305227+00:00] main_app_logger.INFO: Started search {"query":"new","CLEINT IP":"::1"} []
[2025-06-21T04:34:50.305631+00:00] main_app_logger.INFO: Search completed {"query":"new","files_found":0,"folders_found":0} []
[2025-06-21T04:37:18.795920+00:00] main_app_logger.INFO: Started search {"query":"new","CLEINT IP":"::1"} []
[2025-06-21T04:37:18.796669+00:00] main_app_logger.INFO: Search completed {"query":"new","files_found":0,"folders_found":0} []
[2025-06-21T04:37:36.051662+00:00] main_app_logger.INFO: Started search {"query":"ag","CLEINT IP":"::1"} []
[2025-06-21T04:37:36.052862+00:00] main_app_logger.INFO: Search completed {"query":"ag","files_found":1,"folders_found":1} []
[2025-06-21T04:37:41.504622+00:00] main_app_logger.INFO: Started search {"query":"ag","CLEINT IP":"::1"} []
[2025-06-21T04:37:41.505499+00:00] main_app_logger.INFO: Search completed {"query":"ag","files_found":0,"folders_found":1} []
[2025-06-21T04:37:46.133484+00:00] main_app_logger.INFO: Started search {"query":"ag","CLEINT IP":"::1"} []
[2025-06-21T04:37:46.134596+00:00] main_app_logger.INFO: Search completed {"query":"ag","files_found":1,"folders_found":1} []
[2025-06-21T04:37:48.966410+00:00] main_app_logger.INFO: Started search {"query":"ag","CLEINT IP":"::1"} []
[2025-06-21T04:37:48.967308+00:00] main_app_logger.INFO: Search completed {"query":"ag","files_found":0,"folders_found":1} []
[2025-06-21T04:44:15.973113+00:00] main_app_logger.ERROR: EXCEPTION >>> Unsupported lookup operator [] []
[2025-06-21T04:44:20.627583+00:00] main_app_logger.INFO: Started search {"query":"ag","CLEINT IP":"::1"} []
[2025-06-21T04:44:20.628518+00:00] main_app_logger.INFO: Search completed {"query":"ag","files_found":0,"folders_found":1} []
[2025-06-21T04:44:21.689922+00:00] main_app_logger.INFO: Started search {"query":"ag","CLEINT IP":"::1"} []
[2025-06-21T04:44:21.690944+00:00] main_app_logger.INFO: Search completed {"query":"ag","files_found":0,"folders_found":1} []
[2025-06-21T04:44:24.197402+00:00] main_app_logger.INFO: Started search {"query":"ag","CLEINT IP":"::1"} []
[2025-06-21T04:44:24.198765+00:00] main_app_logger.INFO: Search completed {"query":"ag","files_found":0,"folders_found":1} []
[2025-06-21T04:44:25.602573+00:00] main_app_logger.INFO: Started search {"query":"ag","CLEINT IP":"::1"} []
[2025-06-21T04:44:25.603671+00:00] main_app_logger.INFO: Search completed {"query":"ag","files_found":1,"folders_found":1} []
[2025-06-21T05:00:20.601608+00:00] main_app_logger.ERROR: EXCEPTION >>> Not found. [] []
[2025-06-21T05:00:22.645136+00:00] main_app_logger.ERROR: EXCEPTION >>> Not found. [] []
[2025-06-21T05:00:23.427047+00:00] main_app_logger.ERROR: EXCEPTION >>> Not found. [] []
[2025-06-21T05:00:27.378915+00:00] main_app_logger.ERROR: EXCEPTION >>> Not found. [] []
[2025-06-21T05:00:29.456900+00:00] main_app_logger.ERROR: EXCEPTION >>> Not found. [] []
[2025-06-21T05:00:36.656288+00:00] main_app_logger.ERROR: EXCEPTION >>> dir_name is not specified or invalid [] []
[2025-06-21T05:00:42.393494+00:00] main_app_logger.ERROR: EXCEPTION >>> photos directory already exists. [] []
[2025-06-21T05:04:37.437844+00:00] main_app_logger.ERROR: EXCEPTION >>> Call to undefined method Illuminate\Database\Eloquent\Relations\HasMany::offest() [] []
